#
# There is insufficient memory for the Java Runtime Environment to continue.
# Native memory allocation (malloc) failed to allocate 1021344 bytes for Chunk::new
# Possible reasons:
#   The system is out of physical RAM or swap space
#   In 32 bit mode, the process size limit was hit
# Possible solutions:
#   Reduce memory load on the system
#   Increase physical memory or swap space
#   Check if swap backing store is full
#   Use 64 bit Java on a 64 bit OS
#   Decrease Java heap size (-Xmx/-Xms)
#   Decrease number of Java threads
#   Decrease Java thread stack sizes (-Xss)
#   Set larger code cache with -XX:ReservedCodeCacheSize=
# This output file may be truncated or incomplete.
#
#  Out of Memory Error (allocation.cpp:390), pid=11900, tid=0x0000000000005bd8
#
# JRE version: Java(TM) SE Runtime Environment (8.0_131-b11) (build 1.8.0_131-b11)
# Java VM: Java HotSpot(TM) 64-Bit Server VM (25.131-b11 mixed mode windows-amd64 compressed oops)
# Failed to write core dump. Minidumps are not enabled by default on client versions of Windows
#

---------------  T H R E A D  ---------------

Current thread (0x000000001c889800):  JavaThread "C2 CompilerThread0" daemon [_thread_in_native, id=23512, stack(0x000000001e2a0000,0x000000001e3a0000)]

Stack: [0x000000001e2a0000,0x000000001e3a0000]
[error occurred during error reporting (printing stack bounds), id 0xc0000005]

Native frames: (J=compiled Java code, j=interpreted, Vv=VM code, C=native code)


Current CompileTask:
C2:   7171 1806   !   4       com.android.dx.cf.code.Ropper::processBlock (1101 bytes)


---------------  P R O C E S S  ---------------

Java Threads: ( => current thread )
  0x000000001df62000 JavaThread "pool-2-thread-4" [_thread_blocked, id=6772, stack(0x000000001eba0000,0x000000001eca0000)]
  0x000000001de10800 JavaThread "pool-2-thread-3" [_thread_blocked, id=3968, stack(0x000000001eaa0000,0x000000001eba0000)]
  0x000000001de06000 JavaThread "pool-2-thread-2" [_thread_blocked, id=26576, stack(0x000000001e9a0000,0x000000001eaa0000)]
  0x000000001ddf5000 JavaThread "pool-3-thread-1" [_thread_blocked, id=2584, stack(0x000000001e8a0000,0x000000001e9a0000)]
  0x000000001ddf4000 JavaThread "pool-2-thread-1" [_thread_blocked, id=26432, stack(0x000000001e7a0000,0x000000001e8a0000)]
  0x000000001dcfc800 JavaThread "Service Thread" daemon [_thread_blocked, id=8636, stack(0x000000001e5a0000,0x000000001e6a0000)]
  0x000000001dca9000 JavaThread "C1 CompilerThread2" daemon [_thread_blocked, id=15740, stack(0x000000001e4a0000,0x000000001e5a0000)]
  0x000000001c88c000 JavaThread "C2 CompilerThread1" daemon [_thread_in_native, id=23032, stack(0x000000001e3a0000,0x000000001e4a0000)]
=>0x000000001c889800 JavaThread "C2 CompilerThread0" daemon [_thread_in_native, id=23512, stack(0x000000001e2a0000,0x000000001e3a0000)]
  0x000000001c888800 JavaThread "Attach Listener" daemon [_thread_blocked, id=9968, stack(0x000000001e1a0000,0x000000001e2a0000)]
  0x000000001dca8800 JavaThread "Signal Dispatcher" daemon [_thread_blocked, id=26196, stack(0x000000001e0a0000,0x000000001e1a0000)]
  0x0000000003156800 JavaThread "Finalizer" daemon [_thread_blocked, id=17996, stack(0x000000001daa0000,0x000000001dba0000)]
  0x0000000003151000 JavaThread "Reference Handler" daemon [_thread_blocked, id=23384, stack(0x000000001d9a0000,0x000000001daa0000)]
  0x0000000003060800 JavaThread "main" [_thread_blocked, id=23736, stack(0x0000000002a60000,0x0000000002b60000)]

Other Threads:
  0x000000001c7f6000 VMThread [stack: 0x000000001d8a0000,0x000000001d9a0000] [id=26372]
  0x000000001dd1c800 WatcherThread [stack: 0x000000001e6a0000,0x000000001e7a0000] [id=17296]

VM state:not at safepoint (normal execution)

VM Mutex/Monitor currently owned by a thread: None

Heap:
 PSYoungGen      total 71680K, used 59529K [0x000000076ab00000, 0x000000076f600000, 0x00000007c0000000)
  eden space 66560K, 81% used [0x000000076ab00000,0x000000076e022d18,0x000000076ec00000)
  from space 5120K, 99% used [0x000000076f100000,0x000000076f5ffa20,0x000000076f600000)
  to   space 5120K, 0% used [0x000000076ec00000,0x000000076ec00000,0x000000076f100000)
 ParOldGen       total 131072K, used 67266K [0x00000006c0000000, 0x00000006c8000000, 0x000000076ab00000)
  object space 131072K, 51% used [0x00000006c0000000,0x00000006c41b0a28,0x00000006c8000000)
 Metaspace       used 6212K, capacity 7096K, committed 7296K, reserved 1056768K
  class space    used 610K, capacity 624K, committed 640K, reserved 1048576K

Card table byte_map: [0x0000000012520000,0x0000000012d30000] byte_map_base: 0x000000000ef20000

Marking Bits: (ParMarkBitMap*) 0x00000000614fc720
 Begin Bits: [0x0000000013690000, 0x0000000017690000)
 End Bits:   [0x0000000017690000, 0x000000001b690000)

Polling page: 0x00000000011d0000

CodeCache: size=245760Kb used=8056Kb max_used=8093Kb free=237703Kb
 bounds [0x0000000003160000, 0x0000000003960000, 0x0000000012160000]
 total_blobs=2015 nmethods=1751 adapters=177
 compilation: enabled

Compilation events (10 events):
Event: 6.953 Thread 0x000000001dca9000 nmethod 1804 0x000000000390f590 code [0x000000000390f780, 0x0000000003910078]
Event: 6.955 Thread 0x000000001c88c000 1805       4       com.android.dx.cf.code.Simulator$SimVisitor::visitNoArgs (2136 bytes)
Event: 6.971 Thread 0x000000001c889800 nmethod 1796 0x0000000003932f50 code [0x0000000003933300, 0x0000000003937158]
Event: 6.971 Thread 0x000000001c889800 1806   !   4       com.android.dx.cf.code.Ropper::processBlock (1101 bytes)
Event: 6.990 Thread 0x000000001dca9000 1815       3       com.android.dx.ssa.back.SsaToRop::convert (99 bytes)
Event: 6.991 Thread 0x000000001dca9000 nmethod 1815 0x00000000038fff10 code [0x00000000039001c0, 0x00000000039014f8]
Event: 6.994 Thread 0x000000001dca9000 1816       3       com.android.dx.ssa.MoveParamCombiner::run (45 bytes)
Event: 6.995 Thread 0x000000001dca9000 nmethod 1816 0x00000000038ff050 code [0x00000000038ff220, 0x00000000038ffaf8]
Event: 7.086 Thread 0x000000001c88c000 nmethod 1805 0x0000000003943c10 code [0x0000000003944e60, 0x000000000394c4f8]
Event: 7.086 Thread 0x000000001c88c000 1814 %     4       com.android.dx.ssa.SCCP::run @ 133 (298 bytes)

GC Heap History (10 events):
Event: 4.487 GC heap before
{Heap before GC invocations=3 (full 0):
 PSYoungGen      total 38400K, used 38381K [0x000000076ab00000, 0x000000076f600000, 0x00000007c0000000)
  eden space 33280K, 100% used [0x000000076ab00000,0x000000076cb80000,0x000000076cb80000)
  from space 5120K, 99% used [0x000000076d080000,0x000000076d57b568,0x000000076d580000)
  to   space 5120K, 0% used [0x000000076cb80000,0x000000076cb80000,0x000000076d080000)
 ParOldGen       total 87552K, used 16078K [0x00000006c0000000, 0x00000006c5580000, 0x000000076ab00000)
  object space 87552K, 18% used [0x00000006c0000000,0x00000006c0fb3b10,0x00000006c5580000)
 Metaspace       used 6056K, capacity 6968K, committed 7040K, reserved 1056768K
  class space    used 610K, capacity 624K, committed 640K, reserved 1048576K
Event: 4.558 GC heap after
Heap after GC invocations=3 (full 0):
 PSYoungGen      total 38400K, used 5093K [0x000000076ab00000, 0x000000076f600000, 0x00000007c0000000)
  eden space 33280K, 0% used [0x000000076ab00000,0x000000076ab00000,0x000000076cb80000)
  from space 5120K, 99% used [0x000000076cb80000,0x000000076d079548,0x000000076d080000)
  to   space 5120K, 0% used [0x000000076f100000,0x000000076f100000,0x000000076f600000)
 ParOldGen       total 87552K, used 29907K [0x00000006c0000000, 0x00000006c5580000, 0x000000076ab00000)
  object space 87552K, 34% used [0x00000006c0000000,0x00000006c1d34cf8,0x00000006c5580000)
 Metaspace       used 6056K, capacity 6968K, committed 7040K, reserved 1056768K
  class space    used 610K, capacity 624K, committed 640K, reserved 1048576K
}
Event: 4.734 GC heap before
{Heap before GC invocations=4 (full 0):
 PSYoungGen      total 38400K, used 38373K [0x000000076ab00000, 0x000000076f600000, 0x00000007c0000000)
  eden space 33280K, 100% used [0x000000076ab00000,0x000000076cb80000,0x000000076cb80000)
  from space 5120K, 99% used [0x000000076cb80000,0x000000076d079548,0x000000076d080000)
  to   space 5120K, 0% used [0x000000076f100000,0x000000076f100000,0x000000076f600000)
 ParOldGen       total 87552K, used 29907K [0x00000006c0000000, 0x00000006c5580000, 0x000000076ab00000)
  object space 87552K, 34% used [0x00000006c0000000,0x00000006c1d34cf8,0x00000006c5580000)
 Metaspace       used 6075K, capacity 7032K, committed 7296K, reserved 1056768K
  class space    used 610K, capacity 624K, committed 640K, reserved 1048576K
Event: 4.750 GC heap after
Heap after GC invocations=4 (full 0):
 PSYoungGen      total 71680K, used 5095K [0x000000076ab00000, 0x000000076f600000, 0x00000007c0000000)
  eden space 66560K, 0% used [0x000000076ab00000,0x000000076ab00000,0x000000076ec00000)
  from space 5120K, 99% used [0x000000076f100000,0x000000076f5f9eb0,0x000000076f600000)
  to   space 5120K, 0% used [0x000000076ec00000,0x000000076ec00000,0x000000076f100000)
 ParOldGen       total 87552K, used 40290K [0x00000006c0000000, 0x00000006c5580000, 0x000000076ab00000)
  object space 87552K, 46% used [0x00000006c0000000,0x00000006c2758890,0x00000006c5580000)
 Metaspace       used 6075K, capacity 7032K, committed 7296K, reserved 1056768K
  class space    used 610K, capacity 624K, committed 640K, reserved 1048576K
}
Event: 5.051 GC heap before
{Heap before GC invocations=5 (full 0):
 PSYoungGen      total 71680K, used 71655K [0x000000076ab00000, 0x000000076f600000, 0x00000007c0000000)
  eden space 66560K, 100% used [0x000000076ab00000,0x000000076ec00000,0x000000076ec00000)
  from space 5120K, 99% used [0x000000076f100000,0x000000076f5f9eb0,0x000000076f600000)
  to   space 5120K, 0% used [0x000000076ec00000,0x000000076ec00000,0x000000076f100000)
 ParOldGen       total 87552K, used 40290K [0x00000006c0000000, 0x00000006c5580000, 0x000000076ab00000)
  object space 87552K, 46% used [0x00000006c0000000,0x00000006c2758890,0x00000006c5580000)
 Metaspace       used 6116K, capacity 7032K, committed 7296K, reserved 1056768K
  class space    used 610K, capacity 624K, committed 640K, reserved 1048576K
Event: 5.073 GC heap after
Heap after GC invocations=5 (full 0):
 PSYoungGen      total 71680K, used 5106K [0x000000076ab00000, 0x000000076f600000, 0x00000007c0000000)
  eden space 66560K, 0% used [0x000000076ab00000,0x000000076ab00000,0x000000076ec00000)
  from space 5120K, 99% used [0x000000076ec00000,0x000000076f0fcbd0,0x000000076f100000)
  to   space 5120K, 0% used [0x000000076f100000,0x000000076f100000,0x000000076f600000)
 ParOldGen       total 87552K, used 68429K [0x00000006c0000000, 0x00000006c5580000, 0x000000076ab00000)
  object space 87552K, 78% used [0x00000006c0000000,0x00000006c42d3708,0x00000006c5580000)
 Metaspace       used 6116K, capacity 7032K, committed 7296K, reserved 1056768K
  class space    used 610K, capacity 624K, committed 640K, reserved 1048576K
}
Event: 5.073 GC heap before
{Heap before GC invocations=6 (full 1):
 PSYoungGen      total 71680K, used 5106K [0x000000076ab00000, 0x000000076f600000, 0x00000007c0000000)
  eden space 66560K, 0% used [0x000000076ab00000,0x000000076ab00000,0x000000076ec00000)
  from space 5120K, 99% used [0x000000076ec00000,0x000000076f0fcbd0,0x000000076f100000)
  to   space 5120K, 0% used [0x000000076f100000,0x000000076f100000,0x000000076f600000)
 ParOldGen       total 87552K, used 68429K [0x00000006c0000000, 0x00000006c5580000, 0x000000076ab00000)
  object space 87552K, 78% used [0x00000006c0000000,0x00000006c42d3708,0x00000006c5580000)
 Metaspace       used 6116K, capacity 7032K, committed 7296K, reserved 1056768K
  class space    used 610K, capacity 624K, committed 640K, reserved 1048576K
Event: 5.636 GC heap after
Heap after GC invocations=6 (full 1):
 PSYoungGen      total 71680K, used 0K [0x000000076ab00000, 0x000000076f600000, 0x00000007c0000000)
  eden space 66560K, 0% used [0x000000076ab00000,0x000000076ab00000,0x000000076ec00000)
  from space 5120K, 0% used [0x000000076ec00000,0x000000076ec00000,0x000000076f100000)
  to   space 5120K, 0% used [0x000000076f100000,0x000000076f100000,0x000000076f600000)
 ParOldGen       total 131072K, used 51689K [0x00000006c0000000, 0x00000006c8000000, 0x000000076ab00000)
  object space 131072K, 39% used [0x00000006c0000000,0x00000006c327a610,0x00000006c8000000)
 Metaspace       used 6116K, capacity 7032K, committed 7296K, reserved 1056768K
  class space    used 610K, capacity 624K, committed 640K, reserved 1048576K
}
Event: 6.113 GC heap before
{Heap before GC invocations=7 (full 1):
 PSYoungGen      total 71680K, used 66560K [0x000000076ab00000, 0x000000076f600000, 0x00000007c0000000)
  eden space 66560K, 100% used [0x000000076ab00000,0x000000076ec00000,0x000000076ec00000)
  from space 5120K, 0% used [0x000000076ec00000,0x000000076ec00000,0x000000076f100000)
  to   space 5120K, 0% used [0x000000076f100000,0x000000076f100000,0x000000076f600000)
 ParOldGen       total 131072K, used 51689K [0x00000006c0000000, 0x00000006c8000000, 0x000000076ab00000)
  object space 131072K, 39% used [0x00000006c0000000,0x00000006c327a610,0x00000006c8000000)
 Metaspace       used 6172K, capacity 7096K, committed 7296K, reserved 1056768K
  class space    used 610K, capacity 624K, committed 640K, reserved 1048576K
Event: 6.129 GC heap after
Heap after GC invocations=7 (full 1):
 PSYoungGen      total 71680K, used 5118K [0x000000076ab00000, 0x000000076f600000, 0x00000007c0000000)
  eden space 66560K, 0% used [0x000000076ab00000,0x000000076ab00000,0x000000076ec00000)
  from space 5120K, 99% used [0x000000076f100000,0x000000076f5ffa20,0x000000076f600000)
  to   space 5120K, 0% used [0x000000076ec00000,0x000000076ec00000,0x000000076f100000)
 ParOldGen       total 131072K, used 67266K [0x00000006c0000000, 0x00000006c8000000, 0x000000076ab00000)
  object space 131072K, 51% used [0x00000006c0000000,0x00000006c41b0a28,0x00000006c8000000)
 Metaspace       used 6172K, capacity 7096K, committed 7296K, reserved 1056768K
  class space    used 610K, capacity 624K, committed 640K, reserved 1048576K
}

Deoptimization events (10 events):
Event: 5.752 Thread 0x0000000003060800 Uncommon trap: reason=unstable_if action=reinterpret pc=0x000000000354b50c method=com.android.dx.util.IntList.binarysearch(I)I @ 105
Event: 5.753 Thread 0x0000000003060800 Uncommon trap: reason=unstable_if action=reinterpret pc=0x0000000003726780 method=com.android.dx.ssa.SsaBasicBlock.newFromRop(Lcom/android/dx/rop/code/RopMethod;ILcom/android/dx/ssa/SsaMethod;)Lcom/android/dx/ssa/SsaBasicBlock; @ 164
Event: 5.753 Thread 0x0000000003060800 Uncommon trap: reason=unstable_if action=reinterpret pc=0x00000000036c1e48 method=com.android.dx.rop.code.RegisterSpec.intersect(Lcom/android/dx/rop/code/RegisterSpec;Z)Lcom/android/dx/rop/code/RegisterSpec; @ 8
Event: 5.903 Thread 0x000000001de06000 Uncommon trap: reason=unstable_if action=reinterpret pc=0x00000000037fb624 method=com.android.dx.rop.code.Insn.equalsHandleNulls(Ljava/lang/Object;Ljava/lang/Object;)Z @ 14
Event: 6.137 Thread 0x000000001ddf4000 Uncommon trap: reason=unstable_if action=reinterpret pc=0x0000000003840180 method=com.android.dx.rop.code.Insn.contentEquals(Lcom/android/dx/rop/code/Insn;)Z @ 8
Event: 6.140 Thread 0x000000001ddf4000 Uncommon trap: reason=unstable_if action=reinterpret pc=0x00000000037f2760 method=com.android.dx.rop.code.Insn.contentEquals(Lcom/android/dx/rop/code/Insn;)Z @ 8
Event: 6.158 Thread 0x000000001ddf4000 Uncommon trap: reason=unstable_if action=reinterpret pc=0x00000000037750a0 method=com.android.dx.util.BitIntSet.has(I)Z @ 8
Event: 6.178 Thread 0x000000001de06000 Uncommon trap: reason=unstable_if action=reinterpret pc=0x00000000037a4470 method=java.util.BitSet.clone()Ljava/lang/Object; @ 4
Event: 6.260 Thread 0x000000001de06000 Uncommon trap: reason=unstable_if action=reinterpret pc=0x00000000035cf71c method=com.android.dx.ssa.SsaMethod.updateOneDefinition(Lcom/android/dx/ssa/SsaInsn;Lcom/android/dx/rop/code/RegisterSpec;)V @ 4
Event: 6.695 Thread 0x000000001de10800 Uncommon trap: reason=unstable_if action=reinterpret pc=0x00000000037673c4 method=java.util.BitSet.clone()Ljava/lang/Object; @ 4

Internal exceptions (3 events):
Event: 1.729 Thread 0x0000000003060800 Exception <a 'java/lang/NoSuchMethodError': Method sun.misc.Unsafe.defineClass(Ljava/lang/String;[BII)Ljava/lang/Class; name or signature does not match> (0x000000076ab07ca8) thrown at [C:\re\workspace\8-2-build-windows-amd64-cygwin\jdk8u131\8869\hotspot\
Event: 1.729 Thread 0x0000000003060800 Exception <a 'java/lang/NoSuchMethodError': Method sun.misc.Unsafe.prefetchRead(Ljava/lang/Object;J)V name or signature does not match> (0x000000076ab07f90) thrown at [C:\re\workspace\8-2-build-windows-amd64-cygwin\jdk8u131\8869\hotspot\src\share\vm\prims
Event: 3.391 Thread 0x000000001df62000 Implicit null exception at 0x00000000034c5fb1 to 0x00000000034c6f65

Events (10 events):
Event: 6.537 Executing VM operation: EnableBiasedLocking done
Event: 6.571 Thread 0x000000001df62000 DEOPT PACKING pc=0x000000000358fd69 sp=0x000000001ec9e490
Event: 6.571 Thread 0x000000001df62000 DEOPT UNPACKING pc=0x00000000031a787f sp=0x000000001ec9e220 mode 0
Event: 6.695 Thread 0x000000001de10800 Uncommon trap: trap_request=0xffffff65 fr.pc=0x00000000037673c4
Event: 6.695 Thread 0x000000001de10800 DEOPT PACKING pc=0x00000000037673c4 sp=0x000000001eb9e9f0
Event: 6.695 Thread 0x000000001de10800 DEOPT UNPACKING pc=0x00000000031a582a sp=0x000000001eb9e9b8 mode 2
Event: 6.862 Thread 0x000000001ddf4000 DEOPT PACKING pc=0x0000000003609ed6 sp=0x000000001e89e950
Event: 6.863 Thread 0x000000001ddf4000 DEOPT UNPACKING pc=0x00000000031a787f sp=0x000000001e89e790 mode 0
Event: 6.993 Thread 0x000000001df62000 DEOPT PACKING pc=0x000000000359c124 sp=0x000000001ec9e700
Event: 6.993 Thread 0x000000001df62000 DEOPT UNPACKING pc=0x00000000031a787f sp=0x000000001ec9e420 mode 0


Dynamic libraries:
0x00007ff696880000 - 0x00007ff6968b7000 	D:\Java\jdk1.8.0_131\bin\java.exe
0x00007ff892650000 - 0x00007ff89282b000 	C:\WINDOWS\SYSTEM32\ntdll.dll
0x00007ff8925a0000 - 0x00007ff89264e000 	C:\WINDOWS\System32\KERNEL32.DLL
0x00007ff88f480000 - 0x00007ff88f6c9000 	C:\WINDOWS\System32\KERNELBASE.dll
0x00007ff890460000 - 0x00007ff890501000 	C:\WINDOWS\System32\ADVAPI32.dll
0x00007ff890bc0000 - 0x00007ff890c5d000 	C:\WINDOWS\System32\msvcrt.dll
0x00007ff88fc40000 - 0x00007ff88fc99000 	C:\WINDOWS\System32\sechost.dll
0x00007ff890c90000 - 0x00007ff890db5000 	C:\WINDOWS\System32\RPCRT4.dll
0x00007ff890310000 - 0x00007ff89045a000 	C:\WINDOWS\System32\USER32.dll
0x00007ff88eb70000 - 0x00007ff88eb8e000 	C:\WINDOWS\System32\win32u.dll
0x00007ff890770000 - 0x00007ff890797000 	C:\WINDOWS\System32\GDI32.dll
0x00007ff88f970000 - 0x00007ff88faf9000 	C:\WINDOWS\System32\gdi32full.dll
0x00007ff88eb90000 - 0x00007ff88ec2a000 	C:\WINDOWS\System32\msvcp_win.dll
0x00007ff88ec30000 - 0x00007ff88ed26000 	C:\WINDOWS\System32\ucrtbase.dll
0x00007ff87dee0000 - 0x00007ff87e147000 	C:\WINDOWS\WinSxS\amd64_microsoft.windows.common-controls_6595b64144ccf1df_6.0.15063.0_none_108e4f62dfe5d999\COMCTL32.dll
0x00007ff890860000 - 0x00007ff890b59000 	C:\WINDOWS\System32\combase.dll
0x00007ff88f8a0000 - 0x00007ff88f90a000 	C:\WINDOWS\System32\bcryptPrimitives.dll
0x00007ff88fbb0000 - 0x00007ff88fbdd000 	C:\WINDOWS\System32\IMM32.DLL
0x0000000061580000 - 0x0000000061652000 	D:\Java\jdk1.8.0_131\jre\bin\msvcr100.dll
0x0000000060ce0000 - 0x000000006157c000 	D:\Java\jdk1.8.0_131\jre\bin\server\jvm.dll
0x00007ff88fdf0000 - 0x00007ff88fdf8000 	C:\WINDOWS\System32\PSAPI.DLL
0x00007ff871d60000 - 0x00007ff871d69000 	C:\WINDOWS\SYSTEM32\WSOCK32.dll
0x00007ff8902a0000 - 0x00007ff89030c000 	C:\WINDOWS\System32\WS2_32.dll
0x00007ff88ca60000 - 0x00007ff88ca83000 	C:\WINDOWS\SYSTEM32\WINMM.dll
0x00007ff88b190000 - 0x00007ff88b19a000 	C:\WINDOWS\SYSTEM32\VERSION.dll
0x00007ff88c9e0000 - 0x00007ff88ca0b000 	C:\WINDOWS\SYSTEM32\WINMMBASE.dll
0x00007ff88f430000 - 0x00007ff88f479000 	C:\WINDOWS\System32\cfgmgr32.dll
0x0000000060cd0000 - 0x0000000060cdf000 	D:\Java\jdk1.8.0_131\jre\bin\verify.dll
0x0000000060ca0000 - 0x0000000060cc9000 	D:\Java\jdk1.8.0_131\jre\bin\java.dll
0x0000000060c80000 - 0x0000000060c96000 	D:\Java\jdk1.8.0_131\jre\bin\zip.dll
0x00007ff891160000 - 0x00007ff892597000 	C:\WINDOWS\System32\SHELL32.dll
0x00007ff8907b0000 - 0x00007ff89085a000 	C:\WINDOWS\System32\shcore.dll
0x00007ff88ed30000 - 0x00007ff88f422000 	C:\WINDOWS\System32\windows.storage.dll
0x00007ff88fe00000 - 0x00007ff88fe51000 	C:\WINDOWS\System32\shlwapi.dll
0x00007ff88eb50000 - 0x00007ff88eb61000 	C:\WINDOWS\System32\kernel.appcore.dll
0x00007ff88eac0000 - 0x00007ff88eb0c000 	C:\WINDOWS\System32\powrprof.dll
0x00007ff88eb30000 - 0x00007ff88eb45000 	C:\WINDOWS\System32\profapi.dll

VM Arguments:
jvm_args: -Djava.awt.headless=true -Xmx4g -Dfile.encoding=UTF-8 -Duser.country=CN -Duser.language=zh -Duser.variant 
java_command: com.android.dx.command.Main --dex --verbose --force-jumbo --num-threads=4 --multi-dex --output D:\Project3\android2\HnDValley\valley\build\intermediates\transforms\dex\_dev\debug\folders\1000\5\slice_5 D:\Project3\android2\HnDValley\valley\build\intermediates\transforms\instantRunSlicer\_dev\debug\folders\1\5\slice_5
java_class_path (initial): D:\AndroidSDK2\build-tools\25.0.3\lib\dx.jar
Launcher Type: SUN_STANDARD

Environment Variables:
JAVA_HOME=D:\Java\jdk1.8.0_112
PATH=C:\ProgramData\Oracle\Java\javapath;C:\WINDOWS\system32;C:\WINDOWS;C:\WINDOWS\System32\Wbem;C:\WINDOWS\System32\WindowsPowerShell\v1.0\;D:\TortoiseSVN\bin;D:\Java\jdk1.8.0_112\bin;D:\AndroidSDK2\platform-tools;C:\Program Files\Microsoft SQL Server\130\Tools\Binn\;D:\Git\cmd;D:\UltraCompare;D:\cmder;C:\Users\angcyo\AppData\Local\Microsoft\WindowsApps;;D:/babun\.babun;D:\babun\.babun;d:\babun2_\.babun;C:\Users\angcyo\.babun
USERNAME=angcyo
OS=Windows_NT
PROCESSOR_IDENTIFIER=Intel64 Family 6 Model 94 Stepping 3, GenuineIntel



---------------  S Y S T E M  ---------------

OS: Windows 10.0 , 64 bit Build 15063 (10.0.15063.296)

CPU:total 4 (initial active 4) (4 cores per cpu, 1 threads per core) family 6 model 94 stepping 3, cmov, cx8, fxsr, mmx, sse, sse2, sse3, ssse3, sse4.1, sse4.2, popcnt, avx, avx2, aes, clmul, erms, rtm, 3dnowpref, lzcnt, tsc, tscinvbit, bmi1, bmi2, adx

Memory: 4k page, physical 8266508k(484088k free), swap 21321884k(5800k free)

vm_info: Java HotSpot(TM) 64-Bit Server VM (25.131-b11) for windows-amd64 JRE (1.8.0_131-b11), built on Mar 15 2017 01:23:53 by "java_re" with MS VC++ 10.0 (VS2010)

time: Mon Jun 19 15:09:37 2017
elapsed time: 7 seconds (0d 0h 0m 7s)

