#
# There is insufficient memory for the Java Runtime Environment to continue.
# Native memory allocation (malloc) failed to allocate 266176 bytes for Chunk::new
# Possible reasons:
#   The system is out of physical RAM or swap space
#   In 32 bit mode, the process size limit was hit
# Possible solutions:
#   Reduce memory load on the system
#   Increase physical memory or swap space
#   Check if swap backing store is full
#   Use 64 bit Java on a 64 bit OS
#   Decrease Java heap size (-Xmx/-Xms)
#   Decrease number of Java threads
#   Decrease Java thread stack sizes (-Xss)
#   Set larger code cache with -XX:ReservedCodeCacheSize=
# This output file may be truncated or incomplete.
#
#  Out of Memory Error (allocation.cpp:390), pid=25432, tid=0x0000000000006448
#
# JRE version: Java(TM) SE Runtime Environment (8.0_131-b11) (build 1.8.0_131-b11)
# Java VM: Java HotSpot(TM) 64-Bit Server VM (25.131-b11 mixed mode windows-amd64 compressed oops)
# Failed to write core dump. Minidumps are not enabled by default on client versions of Windows
#

---------------  T H R E A D  ---------------

Current thread (0x000000001ca8a800):  JavaThread "C2 CompilerThread0" daemon [_thread_in_native, id=25672, stack(0x000000001e500000,0x000000001e600000)]

Stack: [0x000000001e500000,0x000000001e600000]
[error occurred during error reporting (printing stack bounds), id 0xc0000005]

Native frames: (J=compiled Java code, j=interpreted, Vv=VM code, C=native code)


Current CompileTask:
C2:  15616 1729 %     4       com.android.dx.ssa.DeadCodeRemover::run @ 109 (194 bytes)


---------------  P R O C E S S  ---------------

Java Threads: ( => current thread )
  0x000000001e1d9800 JavaThread "pool-2-thread-4" [_thread_blocked, id=25840, stack(0x000000001ee00000,0x000000001ef00000)]
  0x000000001e061000 JavaThread "pool-2-thread-3" [_thread_in_Java, id=14960, stack(0x000000001ed00000,0x000000001ee00000)]
  0x000000001e060800 JavaThread "pool-2-thread-2" [_thread_in_Java, id=2888, stack(0x000000001ec00000,0x000000001ed00000)]
  0x000000001e05a000 JavaThread "pool-3-thread-1" [_thread_blocked, id=11884, stack(0x000000001eb00000,0x000000001ec00000)]
  0x000000001e059800 JavaThread "pool-2-thread-1" [_thread_blocked, id=23168, stack(0x000000001ea00000,0x000000001eb00000)]
  0x000000001df71800 JavaThread "Service Thread" daemon [_thread_blocked, id=24868, stack(0x000000001e800000,0x000000001e900000)]
  0x000000001ca8d800 JavaThread "C1 CompilerThread2" daemon [_thread_in_native, id=1488, stack(0x000000001e700000,0x000000001e800000)]
  0x000000001ca8c800 JavaThread "C2 CompilerThread1" daemon [_thread_in_native, id=23388, stack(0x000000001e600000,0x000000001e700000)]
=>0x000000001ca8a800 JavaThread "C2 CompilerThread0" daemon [_thread_in_native, id=25672, stack(0x000000001e500000,0x000000001e600000)]
  0x000000001df08800 JavaThread "Attach Listener" daemon [_thread_blocked, id=3572, stack(0x000000001e400000,0x000000001e500000)]
  0x000000001ca3f000 JavaThread "Signal Dispatcher" daemon [_thread_blocked, id=25584, stack(0x000000001e300000,0x000000001e400000)]
  0x0000000003356800 JavaThread "Finalizer" daemon [_thread_blocked, id=1724, stack(0x000000001dca0000,0x000000001dda0000)]
  0x0000000003351000 JavaThread "Reference Handler" daemon [_thread_blocked, id=2816, stack(0x000000001dba0000,0x000000001dca0000)]
  0x0000000003260800 JavaThread "main" [_thread_blocked, id=17844, stack(0x0000000002d10000,0x0000000002e10000)]

Other Threads:
  0x000000001c9f6000 VMThread [stack: 0x000000001daa0000,0x000000001dba0000] [id=25140]
  0x000000001dfc9000 WatcherThread [stack: 0x000000001e900000,0x000000001ea00000] [id=12528]

VM state:not at safepoint (normal execution)

VM Mutex/Monitor currently owned by a thread:  ([mutex/lock_event])
[0x0000000002d0e600] Compile_lock - owner thread: 0x0000000000000000

Heap:
 PSYoungGen      total 71680K, used 14715K [0x000000076ab00000, 0x000000076f600000, 0x00000007c0000000)
  eden space 66560K, 14% used [0x000000076ab00000,0x000000076b460a48,0x000000076ec00000)
  from space 5120K, 99% used [0x000000076ec00000,0x000000076f0fe4d0,0x000000076f100000)
  to   space 5120K, 0% used [0x000000076f100000,0x000000076f100000,0x000000076f600000)
 ParOldGen       total 87552K, used 43625K [0x00000006c0000000, 0x00000006c5580000, 0x000000076ab00000)
  object space 87552K, 49% used [0x00000006c0000000,0x00000006c2a9a568,0x00000006c5580000)
 Metaspace       used 6127K, capacity 7032K, committed 7296K, reserved 1056768K
  class space    used 611K, capacity 624K, committed 640K, reserved 1048576K

Card table byte_map: [0x0000000012720000,0x0000000012f30000] byte_map_base: 0x000000000f120000

Marking Bits: (ParMarkBitMap*) 0x00000000614fc720
 Begin Bits: [0x0000000013890000, 0x0000000017890000)
 End Bits:   [0x0000000017890000, 0x000000001b890000)

Polling page: 0x0000000001610000

CodeCache: size=245760Kb used=8224Kb max_used=8224Kb free=237535Kb
 bounds [0x0000000003360000, 0x0000000003b80000, 0x0000000012360000]
 total_blobs=1987 nmethods=1723 adapters=177
 compilation: enabled

Compilation events (10 events):
Event: 15.603 Thread 0x000000001ca8d800 nmethod 1739 0x0000000003b5fa50 code [0x0000000003b5fbe0, 0x0000000003b60138]
Event: 15.603 Thread 0x000000001ca8d800 1742       3       com.android.dx.ssa.SsaBasicBlock::insertNewSuccessor (228 bytes)
Event: 15.604 Thread 0x000000001ca8d800 nmethod 1742 0x0000000003b65910 code [0x0000000003b65c40, 0x0000000003b67188]
Event: 15.606 Thread 0x000000001ca8d800 1744       3       com.android.dx.ssa.back.SsaToRop::verifyValidExitPredecessor (53 bytes)
Event: 15.606 Thread 0x000000001ca8d800 nmethod 1744 0x0000000003b67c10 code [0x0000000003b67e00, 0x0000000003b68618]
Event: 15.606 Thread 0x000000001ca8c800 nmethod 1735 0x0000000003b6b9d0 code [0x0000000003b6bb40, 0x0000000003b6be48]
Event: 15.606 Thread 0x000000001ca8c800 1741       4       com.android.dx.ssa.SsaConverter::edgeSplitSuccessors (98 bytes)
Event: 15.613 Thread 0x000000001ca8d800 1755       3       com.android.dx.cf.code.LocalVariableList::pcAndIndexToLocal (51 bytes)
Event: 15.613 Thread 0x000000001ca8d800 nmethod 1755 0x0000000003b6af90 code [0x0000000003b6b140, 0x0000000003b6b7c8]
Event: 15.613 Thread 0x000000001ca8d800 1754       3       com.android.dx.cf.code.Simulator$SimVisitor::visitLocal (329 bytes)

GC Heap History (10 events):
Event: 11.022 GC heap before
{Heap before GC invocations=2 (full 0):
 PSYoungGen      total 38400K, used 38398K [0x000000076ab00000, 0x000000076f600000, 0x00000007c0000000)
  eden space 33280K, 100% used [0x000000076ab00000,0x000000076cb80000,0x000000076cb80000)
  from space 5120K, 99% used [0x000000076cb80000,0x000000076d07f898,0x000000076d080000)
  to   space 5120K, 0% used [0x000000076f100000,0x000000076f100000,0x000000076f600000)
 ParOldGen       total 87552K, used 2271K [0x00000006c0000000, 0x00000006c5580000, 0x000000076ab00000)
  object space 87552K, 2% used [0x00000006c0000000,0x00000006c0237f58,0x00000006c5580000)
 Metaspace       used 5974K, capacity 6968K, committed 7040K, reserved 1056768K
  class space    used 610K, capacity 624K, committed 640K, reserved 1048576K
Event: 11.469 GC heap after
Heap after GC invocations=2 (full 0):
 PSYoungGen      total 71680K, used 5106K [0x000000076ab00000, 0x000000076f600000, 0x00000007c0000000)
  eden space 66560K, 0% used [0x000000076ab00000,0x000000076ab00000,0x000000076ec00000)
  from space 5120K, 99% used [0x000000076f100000,0x000000076f5fc870,0x000000076f600000)
  to   space 5120K, 0% used [0x000000076ec00000,0x000000076ec00000,0x000000076f100000)
 ParOldGen       total 87552K, used 13856K [0x00000006c0000000, 0x00000006c5580000, 0x000000076ab00000)
  object space 87552K, 15% used [0x00000006c0000000,0x00000006c0d88288,0x00000006c5580000)
 Metaspace       used 5974K, capacity 6968K, committed 7040K, reserved 1056768K
  class space    used 610K, capacity 624K, committed 640K, reserved 1048576K
}
Event: 12.548 GC heap before
{Heap before GC invocations=3 (full 0):
 PSYoungGen      total 71680K, used 71666K [0x000000076ab00000, 0x000000076f600000, 0x00000007c0000000)
  eden space 66560K, 100% used [0x000000076ab00000,0x000000076ec00000,0x000000076ec00000)
  from space 5120K, 99% used [0x000000076f100000,0x000000076f5fc870,0x000000076f600000)
  to   space 5120K, 0% used [0x000000076ec00000,0x000000076ec00000,0x000000076f100000)
 ParOldGen       total 87552K, used 13856K [0x00000006c0000000, 0x00000006c5580000, 0x000000076ab00000)
  object space 87552K, 15% used [0x00000006c0000000,0x00000006c0d88288,0x00000006c5580000)
 Metaspace       used 6044K, capacity 7032K, committed 7296K, reserved 1056768K
  class space    used 611K, capacity 624K, committed 640K, reserved 1048576K
Event: 12.722 GC heap after
Heap after GC invocations=3 (full 0):
 PSYoungGen      total 71680K, used 5089K [0x000000076ab00000, 0x000000076f600000, 0x00000007c0000000)
  eden space 66560K, 0% used [0x000000076ab00000,0x000000076ab00000,0x000000076ec00000)
  from space 5120K, 99% used [0x000000076ec00000,0x000000076f0f87e0,0x000000076f100000)
  to   space 5120K, 0% used [0x000000076f100000,0x000000076f100000,0x000000076f600000)
 ParOldGen       total 87552K, used 41725K [0x00000006c0000000, 0x00000006c5580000, 0x000000076ab00000)
  object space 87552K, 47% used [0x00000006c0000000,0x00000006c28bf550,0x00000006c5580000)
 Metaspace       used 6044K, capacity 7032K, committed 7296K, reserved 1056768K
  class space    used 611K, capacity 624K, committed 640K, reserved 1048576K
}
Event: 13.831 GC heap before
{Heap before GC invocations=4 (full 0):
 PSYoungGen      total 71680K, used 71649K [0x000000076ab00000, 0x000000076f600000, 0x00000007c0000000)
  eden space 66560K, 100% used [0x000000076ab00000,0x000000076ec00000,0x000000076ec00000)
  from space 5120K, 99% used [0x000000076ec00000,0x000000076f0f87e0,0x000000076f100000)
  to   space 5120K, 0% used [0x000000076f100000,0x000000076f100000,0x000000076f600000)
 ParOldGen       total 87552K, used 41725K [0x00000006c0000000, 0x00000006c5580000, 0x000000076ab00000)
  object space 87552K, 47% used [0x00000006c0000000,0x00000006c28bf550,0x00000006c5580000)
 Metaspace       used 6097K, capacity 7032K, committed 7296K, reserved 1056768K
  class space    used 611K, capacity 624K, committed 640K, reserved 1048576K
Event: 14.034 GC heap after
Heap after GC invocations=4 (full 0):
 PSYoungGen      total 71680K, used 5096K [0x000000076ab00000, 0x000000076f600000, 0x00000007c0000000)
  eden space 66560K, 0% used [0x000000076ab00000,0x000000076ab00000,0x000000076ec00000)
  from space 5120K, 99% used [0x000000076f100000,0x000000076f5fa1a8,0x000000076f600000)
  to   space 5120K, 0% used [0x000000076ec00000,0x000000076ec00000,0x000000076f100000)
 ParOldGen       total 87552K, used 68501K [0x00000006c0000000, 0x00000006c5580000, 0x000000076ab00000)
  object space 87552K, 78% used [0x00000006c0000000,0x00000006c42e57e0,0x00000006c5580000)
 Metaspace       used 6097K, capacity 7032K, committed 7296K, reserved 1056768K
  class space    used 611K, capacity 624K, committed 640K, reserved 1048576K
}
Event: 14.034 GC heap before
{Heap before GC invocations=5 (full 1):
 PSYoungGen      total 71680K, used 5096K [0x000000076ab00000, 0x000000076f600000, 0x00000007c0000000)
  eden space 66560K, 0% used [0x000000076ab00000,0x000000076ab00000,0x000000076ec00000)
  from space 5120K, 99% used [0x000000076f100000,0x000000076f5fa1a8,0x000000076f600000)
  to   space 5120K, 0% used [0x000000076ec00000,0x000000076ec00000,0x000000076f100000)
 ParOldGen       total 87552K, used 68501K [0x00000006c0000000, 0x00000006c5580000, 0x000000076ab00000)
  object space 87552K, 78% used [0x00000006c0000000,0x00000006c42e57e0,0x00000006c5580000)
 Metaspace       used 6097K, capacity 7032K, committed 7296K, reserved 1056768K
  class space    used 611K, capacity 624K, committed 640K, reserved 1048576K
Event: 14.512 GC heap after
Heap after GC invocations=5 (full 1):
 PSYoungGen      total 71680K, used 0K [0x000000076ab00000, 0x000000076f600000, 0x00000007c0000000)
  eden space 66560K, 0% used [0x000000076ab00000,0x000000076ab00000,0x000000076ec00000)
  from space 5120K, 0% used [0x000000076f100000,0x000000076f100000,0x000000076f600000)
  to   space 5120K, 0% used [0x000000076ec00000,0x000000076ec00000,0x000000076f100000)
 ParOldGen       total 87552K, used 29288K [0x00000006c0000000, 0x00000006c5580000, 0x000000076ab00000)
  object space 87552K, 33% used [0x00000006c0000000,0x00000006c1c9a000,0x00000006c5580000)
 Metaspace       used 6097K, capacity 7032K, committed 7296K, reserved 1056768K
  class space    used 611K, capacity 624K, committed 640K, reserved 1048576K
}
Event: 15.425 GC heap before
{Heap before GC invocations=6 (full 1):
 PSYoungGen      total 71680K, used 66560K [0x000000076ab00000, 0x000000076f600000, 0x00000007c0000000)
  eden space 66560K, 100% used [0x000000076ab00000,0x000000076ec00000,0x000000076ec00000)
  from space 5120K, 0% used [0x000000076f100000,0x000000076f100000,0x000000076f600000)
  to   space 5120K, 0% used [0x000000076ec00000,0x000000076ec00000,0x000000076f100000)
 ParOldGen       total 87552K, used 29288K [0x00000006c0000000, 0x00000006c5580000, 0x000000076ab00000)
  object space 87552K, 33% used [0x00000006c0000000,0x00000006c1c9a000,0x00000006c5580000)
 Metaspace       used 6125K, capacity 7032K, committed 7296K, reserved 1056768K
  class space    used 611K, capacity 624K, committed 640K, reserved 1048576K
Event: 15.601 GC heap after
Heap after GC invocations=6 (full 1):
 PSYoungGen      total 71680K, used 5113K [0x000000076ab00000, 0x000000076f600000, 0x00000007c0000000)
  eden space 66560K, 0% used [0x000000076ab00000,0x000000076ab00000,0x000000076ec00000)
  from space 5120K, 99% used [0x000000076ec00000,0x000000076f0fe4d0,0x000000076f100000)
  to   space 5120K, 0% used [0x000000076f100000,0x000000076f100000,0x000000076f600000)
 ParOldGen       total 87552K, used 43625K [0x00000006c0000000, 0x00000006c5580000, 0x000000076ab00000)
  object space 87552K, 49% used [0x00000006c0000000,0x00000006c2a9a568,0x00000006c5580000)
 Metaspace       used 6125K, capacity 7032K, committed 7296K, reserved 1056768K
  class space    used 611K, capacity 624K, committed 640K, reserved 1048576K
}

Deoptimization events (10 events):
Event: 14.710 Thread 0x0000000003260800 Uncommon trap: reason=unstable_if action=reinterpret pc=0x000000000374744c method=com.android.dx.util.IntList.binarysearch(I)I @ 105
Event: 14.710 Thread 0x0000000003260800 Uncommon trap: reason=unstable_if action=reinterpret pc=0x0000000003a2ceb8 method=com.android.dx.cf.code.Ropper.addExceptionSetupBlocks()V @ 21
Event: 14.710 Thread 0x0000000003260800 Uncommon trap: reason=unstable_if action=reinterpret pc=0x000000000387c630 method=com.android.dx.ssa.SsaBasicBlock.newFromRop(Lcom/android/dx/rop/code/RopMethod;ILcom/android/dx/ssa/SsaMethod;)Lcom/android/dx/ssa/SsaBasicBlock; @ 164
Event: 14.710 Thread 0x0000000003260800 Uncommon trap: reason=unstable_if action=reinterpret pc=0x000000000381e218 method=com.android.dx.rop.code.RegisterSpec.intersect(Lcom/android/dx/rop/code/RegisterSpec;Z)Lcom/android/dx/rop/code/RegisterSpec; @ 8
Event: 14.711 Thread 0x0000000003260800 Uncommon trap: reason=unstable_if action=reinterpret pc=0x00000000039cd870 method=com.android.dx.ssa.SsaMethod.blockIndexToRopLabel(I)I @ 1
Event: 14.711 Thread 0x0000000003260800 Uncommon trap: reason=unstable_if action=reinterpret pc=0x0000000003a8456c method=com.android.dx.ssa.back.IdenticalBlockCombiner.process()Lcom/android/dx/rop/code/RopMethod; @ 207
Event: 14.712 Thread 0x0000000003260800 Uncommon trap: reason=unstable_if action=reinterpret pc=0x0000000003a90c78 method=com.android.dx.rop.code.BasicBlock.hasExceptionHandlers()Z @ 17
Event: 14.714 Thread 0x0000000003260800 Uncommon trap: reason=unstable_if action=reinterpret pc=0x00000000039f0de4 method=com.android.dx.rop.code.BasicBlockList.preferredSuccessorOf(Lcom/android/dx/rop/code/BasicBlock;)Lcom/android/dx/rop/code/BasicBlock; @ 58
Event: 15.610 Thread 0x000000001e1d9800 Uncommon trap: reason=unstable_if action=reinterpret pc=0x0000000003a0c810 method=com.android.dx.cf.code.LocalVariableList$Item.matchesPcAndIndex(II)Z @ 13
Event: 15.610 Thread 0x000000001e1d9800 Uncommon trap: reason=unstable_if action=reinterpret pc=0x00000000039a4850 method=com.android.dx.cf.code.LocalVariableList$Item.matchesPcAndIndex(II)Z @ 13

Internal exceptions (3 events):
Event: 1.507 Thread 0x0000000003260800 Exception <a 'java/lang/NoSuchMethodError': Method sun.misc.Unsafe.defineClass(Ljava/lang/String;[BII)Ljava/lang/Class; name or signature does not match> (0x000000076ab07ca8) thrown at [C:\re\workspace\8-2-build-windows-amd64-cygwin\jdk8u131\8869\hotspot\
Event: 1.507 Thread 0x0000000003260800 Exception <a 'java/lang/NoSuchMethodError': Method sun.misc.Unsafe.prefetchRead(Ljava/lang/Object;J)V name or signature does not match> (0x000000076ab07f90) thrown at [C:\re\workspace\8-2-build-windows-amd64-cygwin\jdk8u131\8869\hotspot\src\share\vm\prims
Event: 7.377 Thread 0x000000001e061000 Implicit null exception at 0x000000000369d4f8 to 0x000000000369f6c5

Events (10 events):
Event: 15.603 Thread 0x000000001e061000 DEOPT PACKING pc=0x0000000003792805 sp=0x000000001edfece0
Event: 15.603 Thread 0x000000001e061000 DEOPT UNPACKING pc=0x00000000033a787f sp=0x000000001edfea50 mode 0
Event: 15.610 Thread 0x000000001e1d9800 Uncommon trap: trap_request=0xffffff65 fr.pc=0x0000000003a0c810
Event: 15.610 Thread 0x000000001e1d9800 DEOPT PACKING pc=0x0000000003a0c810 sp=0x000000001eefec40
Event: 15.610 Thread 0x000000001e1d9800 DEOPT UNPACKING pc=0x00000000033a582a sp=0x000000001eefeaf0 mode 2
Event: 15.610 Thread 0x000000001e1d9800 Uncommon trap: trap_request=0xffffff65 fr.pc=0x00000000039a4850
Event: 15.610 Thread 0x000000001e1d9800 DEOPT PACKING pc=0x00000000039a4850 sp=0x000000001eefeba0
Event: 15.610 Thread 0x000000001e1d9800 DEOPT UNPACKING pc=0x00000000033a582a sp=0x000000001eefeae0 mode 2
Event: 15.612 Thread 0x000000001e1d9800 DEOPT PACKING pc=0x0000000003aef1f1 sp=0x000000001eefebb0
Event: 15.612 Thread 0x000000001e1d9800 DEOPT UNPACKING pc=0x00000000033a787f sp=0x000000001eefe9f0 mode 0


Dynamic libraries:
0x00007ff696880000 - 0x00007ff6968b7000 	D:\Java\jdk1.8.0_131\bin\java.exe
0x00007ff892650000 - 0x00007ff89282b000 	C:\WINDOWS\SYSTEM32\ntdll.dll
0x00007ff8925a0000 - 0x00007ff89264e000 	C:\WINDOWS\System32\KERNEL32.DLL
0x00007ff88f480000 - 0x00007ff88f6c9000 	C:\WINDOWS\System32\KERNELBASE.dll
0x00007ff890460000 - 0x00007ff890501000 	C:\WINDOWS\System32\ADVAPI32.dll
0x00007ff890bc0000 - 0x00007ff890c5d000 	C:\WINDOWS\System32\msvcrt.dll
0x00007ff88fc40000 - 0x00007ff88fc99000 	C:\WINDOWS\System32\sechost.dll
0x00007ff890c90000 - 0x00007ff890db5000 	C:\WINDOWS\System32\RPCRT4.dll
0x00007ff890310000 - 0x00007ff89045a000 	C:\WINDOWS\System32\USER32.dll
0x00007ff88eb70000 - 0x00007ff88eb8e000 	C:\WINDOWS\System32\win32u.dll
0x00007ff890770000 - 0x00007ff890797000 	C:\WINDOWS\System32\GDI32.dll
0x00007ff88f970000 - 0x00007ff88faf9000 	C:\WINDOWS\System32\gdi32full.dll
0x00007ff88eb90000 - 0x00007ff88ec2a000 	C:\WINDOWS\System32\msvcp_win.dll
0x00007ff88ec30000 - 0x00007ff88ed26000 	C:\WINDOWS\System32\ucrtbase.dll
0x00007ff87dee0000 - 0x00007ff87e147000 	C:\WINDOWS\WinSxS\amd64_microsoft.windows.common-controls_6595b64144ccf1df_6.0.15063.0_none_108e4f62dfe5d999\COMCTL32.dll
0x00007ff890860000 - 0x00007ff890b59000 	C:\WINDOWS\System32\combase.dll
0x00007ff88f8a0000 - 0x00007ff88f90a000 	C:\WINDOWS\System32\bcryptPrimitives.dll
0x00007ff88fbb0000 - 0x00007ff88fbdd000 	C:\WINDOWS\System32\IMM32.DLL
0x0000000061580000 - 0x0000000061652000 	D:\Java\jdk1.8.0_131\jre\bin\msvcr100.dll
0x0000000060ce0000 - 0x000000006157c000 	D:\Java\jdk1.8.0_131\jre\bin\server\jvm.dll
0x00007ff88fdf0000 - 0x00007ff88fdf8000 	C:\WINDOWS\System32\PSAPI.DLL
0x00007ff871d60000 - 0x00007ff871d69000 	C:\WINDOWS\SYSTEM32\WSOCK32.dll
0x00007ff8902a0000 - 0x00007ff89030c000 	C:\WINDOWS\System32\WS2_32.dll
0x00007ff88ca60000 - 0x00007ff88ca83000 	C:\WINDOWS\SYSTEM32\WINMM.dll
0x00007ff88b190000 - 0x00007ff88b19a000 	C:\WINDOWS\SYSTEM32\VERSION.dll
0x00007ff88c9e0000 - 0x00007ff88ca0b000 	C:\WINDOWS\SYSTEM32\WINMMBASE.dll
0x00007ff88f430000 - 0x00007ff88f479000 	C:\WINDOWS\System32\cfgmgr32.dll
0x0000000060cd0000 - 0x0000000060cdf000 	D:\Java\jdk1.8.0_131\jre\bin\verify.dll
0x0000000060ca0000 - 0x0000000060cc9000 	D:\Java\jdk1.8.0_131\jre\bin\java.dll
0x0000000060c80000 - 0x0000000060c96000 	D:\Java\jdk1.8.0_131\jre\bin\zip.dll
0x00007ff891160000 - 0x00007ff892597000 	C:\WINDOWS\System32\SHELL32.dll
0x00007ff8907b0000 - 0x00007ff89085a000 	C:\WINDOWS\System32\shcore.dll
0x00007ff88ed30000 - 0x00007ff88f422000 	C:\WINDOWS\System32\windows.storage.dll
0x00007ff88fe00000 - 0x00007ff88fe51000 	C:\WINDOWS\System32\shlwapi.dll
0x00007ff88eb50000 - 0x00007ff88eb61000 	C:\WINDOWS\System32\kernel.appcore.dll
0x00007ff88eac0000 - 0x00007ff88eb0c000 	C:\WINDOWS\System32\powrprof.dll
0x00007ff88eb30000 - 0x00007ff88eb45000 	C:\WINDOWS\System32\profapi.dll

VM Arguments:
jvm_args: -Djava.awt.headless=true -Xmx4g -Dfile.encoding=UTF-8 -Duser.country=CN -Duser.language=zh -Duser.variant 
java_command: com.android.dx.command.Main --dex --verbose --force-jumbo --num-threads=4 --multi-dex --output D:\Project3\android2\HnDValley\valley\build\intermediates\transforms\dex\_dev\debug\folders\1000\5\slice_5 D:\Project3\android2\HnDValley\valley\build\intermediates\transforms\instantRunSlicer\_dev\debug\folders\1\5\slice_5
java_class_path (initial): D:\AndroidSDK2\build-tools\25.0.3\lib\dx.jar
Launcher Type: SUN_STANDARD

Environment Variables:
JAVA_HOME=D:\Java\jdk1.8.0_112
PATH=C:\ProgramData\Oracle\Java\javapath;C:\WINDOWS\system32;C:\WINDOWS;C:\WINDOWS\System32\Wbem;C:\WINDOWS\System32\WindowsPowerShell\v1.0\;D:\TortoiseSVN\bin;D:\Java\jdk1.8.0_112\bin;D:\AndroidSDK2\platform-tools;C:\Program Files\Microsoft SQL Server\130\Tools\Binn\;D:\Git\cmd;D:\UltraCompare;D:\cmder;C:\Users\angcyo\AppData\Local\Microsoft\WindowsApps;;D:/babun\.babun;D:\babun\.babun;d:\babun2_\.babun;C:\Users\angcyo\.babun
USERNAME=angcyo
OS=Windows_NT
PROCESSOR_IDENTIFIER=Intel64 Family 6 Model 94 Stepping 3, GenuineIntel



---------------  S Y S T E M  ---------------

OS: Windows 10.0 , 64 bit Build 15063 (10.0.15063.296)

CPU:total 4 (initial active 4) (4 cores per cpu, 1 threads per core) family 6 model 94 stepping 3, cmov, cx8, fxsr, mmx, sse, sse2, sse3, ssse3, sse4.1, sse4.2, popcnt, avx, avx2, aes, clmul, erms, rtm, 3dnowpref, lzcnt, tsc, tscinvbit, bmi1, bmi2, adx

Memory: 4k page, physical 8266508k(470688k free), swap 21321884k(1392k free)

vm_info: Java HotSpot(TM) 64-Bit Server VM (25.131-b11) for windows-amd64 JRE (1.8.0_131-b11), built on Mar 15 2017 01:23:53 by "java_re" with MS VC++ 10.0 (VS2010)

time: Mon Jun 19 15:04:19 2017
elapsed time: 15 seconds (0d 0h 0m 15s)

