#
# There is insufficient memory for the Java Runtime Environment to continue.
# Native memory allocation (malloc) failed to allocate 577616 bytes for Chunk::new
# Possible reasons:
#   The system is out of physical RAM or swap space
#   In 32 bit mode, the process size limit was hit
# Possible solutions:
#   Reduce memory load on the system
#   Increase physical memory or swap space
#   Check if swap backing store is full
#   Use 64 bit Java on a 64 bit OS
#   Decrease Java heap size (-Xmx/-Xms)
#   Decrease number of Java threads
#   Decrease Java thread stack sizes (-Xss)
#   Set larger code cache with -XX:ReservedCodeCacheSize=
# This output file may be truncated or incomplete.
#
#  Out of Memory Error (allocation.cpp:390), pid=25408, tid=0x0000000000005b38
#
# JRE version: Java(TM) SE Runtime Environment (8.0_131-b11) (build 1.8.0_131-b11)
# Java VM: Java HotSpot(TM) 64-Bit Server VM (25.131-b11 mixed mode windows-amd64 compressed oops)
# Failed to write core dump. Minidumps are not enabled by default on client versions of Windows
#

---------------  T H R E A D  ---------------

Current thread (0x000000001c60d000):  JavaThread "C2 CompilerThread1" daemon [_thread_in_native, id=23352, stack(0x000000001e150000,0x000000001e250000)]

Stack: [0x000000001e150000,0x000000001e250000]
[error occurred during error reporting (printing stack bounds), id 0xc0000005]

Native frames: (J=compiled Java code, j=interpreted, Vv=VM code, C=native code)


Current CompileTask:
C2:  14998 2440       4       com.android.dx.cf.code.Simulator$SimVisitor::visitConstant (332 bytes)


---------------  P R O C E S S  ---------------

Java Threads: ( => current thread )
  0x000000001dbb8000 JavaThread "pool-2-thread-4" [_thread_in_Java, id=14872, stack(0x000000001e950000,0x000000001ea50000)]
  0x000000001dbb7000 JavaThread "pool-2-thread-3" [_thread_in_Java, id=15788, stack(0x000000001e850000,0x000000001e950000)]
  0x000000001dba6000 JavaThread "pool-3-thread-1" [_thread_blocked, id=22728, stack(0x000000001e650000,0x000000001e750000)]
  0x000000001dab4000 JavaThread "Service Thread" daemon [_thread_blocked, id=25116, stack(0x000000001e350000,0x000000001e450000)]
  0x000000001dab2000 JavaThread "C1 CompilerThread2" daemon [_thread_blocked, id=18540, stack(0x000000001e250000,0x000000001e350000)]
=>0x000000001c60d000 JavaThread "C2 CompilerThread1" daemon [_thread_in_native, id=23352, stack(0x000000001e150000,0x000000001e250000)]
  0x000000001c60b000 JavaThread "C2 CompilerThread0" daemon [_thread_in_native, id=3732, stack(0x000000001e050000,0x000000001e150000)]
  0x000000001c658800 JavaThread "Attach Listener" daemon [_thread_blocked, id=22008, stack(0x000000001df50000,0x000000001e050000)]
  0x000000001da60800 JavaThread "Signal Dispatcher" daemon [_thread_blocked, id=21892, stack(0x000000001de50000,0x000000001df50000)]
  0x0000000002f26800 JavaThread "Finalizer" daemon [_thread_blocked, id=14960, stack(0x000000001d850000,0x000000001d950000)]
  0x0000000002f21000 JavaThread "Reference Handler" daemon [_thread_blocked, id=20576, stack(0x000000001d750000,0x000000001d850000)]
  0x0000000002e30800 JavaThread "main" [_thread_blocked, id=26504, stack(0x00000000027f0000,0x00000000028f0000)]

Other Threads:
  0x000000001c5c6000 VMThread [stack: 0x000000001d650000,0x000000001d750000] [id=26580]
  0x000000001daff000 WatcherThread [stack: 0x000000001e450000,0x000000001e550000] [id=16732]

VM state:not at safepoint (normal execution)

VM Mutex/Monitor currently owned by a thread: None

Heap:
 PSYoungGen      total 283136K, used 167460K [0x000000076ab00000, 0x0000000785180000, 0x00000007c0000000)
  eden space 212992K, 45% used [0x000000076ab00000,0x0000000770a0c478,0x0000000777b00000)
  from space 70144K, 99% used [0x000000077d000000,0x000000078147cdd8,0x0000000781480000)
  to   space 87040K, 0% used [0x0000000777b00000,0x0000000777b00000,0x000000077d000000)
 ParOldGen       total 201216K, used 84423K [0x00000006c0000000, 0x00000006cc480000, 0x000000076ab00000)
  object space 201216K, 41% used [0x00000006c0000000,0x00000006c5271c08,0x00000006cc480000)
 Metaspace       used 6488K, capacity 7256K, committed 7424K, reserved 1056768K
  class space    used 632K, capacity 656K, committed 768K, reserved 1048576K

Card table byte_map: [0x00000000122f0000,0x0000000012b00000] byte_map_base: 0x000000000ecf0000

Marking Bits: (ParMarkBitMap*) 0x00000000614fc720
 Begin Bits: [0x0000000013460000, 0x0000000017460000)
 End Bits:   [0x0000000017460000, 0x000000001b460000)

Polling page: 0x0000000000fc0000

CodeCache: size=245760Kb used=8808Kb max_used=10874Kb free=236951Kb
 bounds [0x0000000002f30000, 0x00000000039e0000, 0x0000000011f30000]
 total_blobs=2199 nmethods=1934 adapters=177
 compilation: enabled

Compilation events (10 events):
Event: 14.974 Thread 0x000000001dab2000 2460       3       com.android.dx.dex.cf.AttributeTranslator::getMethodAnnotations (37 bytes)
Event: 14.974 Thread 0x000000001dab2000 nmethod 2460 0x00000000031bc1d0 code [0x00000000031bc4c0, 0x00000000031bdad8]
Event: 14.974 Thread 0x000000001dab2000 2459       3       com.android.dx.dex.file.EncodedMethod::<init> (68 bytes)
Event: 14.974 Thread 0x000000001dab2000 nmethod 2459 0x0000000003121c10 code [0x0000000003121da0, 0x0000000003122278]
Event: 14.974 Thread 0x000000001dab2000 2461       3       com.android.dx.dex.cf.AttributeTranslator::getParameterAnnotations (69 bytes)
Event: 14.975 Thread 0x000000001dab2000 nmethod 2461 0x0000000003570150 code [0x0000000003570320, 0x0000000003570b78]
Event: 14.980 Thread 0x000000001dab2000 2463   !   3       com.android.dx.cf.direct.DirectClassFile::parse (75 bytes)
Event: 14.980 Thread 0x000000001dab2000 nmethod 2463 0x0000000003138b10 code [0x0000000003138d80, 0x0000000003139d98]
Event: 14.980 Thread 0x000000001dab2000 2464       3       com.android.dx.cf.direct.StdAttributeFactory::sourceFile (94 bytes)
Event: 14.982 Thread 0x000000001dab2000 nmethod 2464 0x0000000003322450 code [0x00000000033228c0, 0x0000000003325208]

GC Heap History (10 events):
Event: 11.560 GC heap before
{Heap before GC invocations=6 (full 1):
 PSYoungGen      total 138240K, used 133120K [0x000000076ab00000, 0x0000000773700000, 0x00000007c0000000)
  eden space 133120K, 100% used [0x000000076ab00000,0x0000000772d00000,0x0000000772d00000)
  from space 5120K, 0% used [0x0000000773200000,0x0000000773200000,0x0000000773700000)
  to   space 5120K, 0% used [0x0000000772d00000,0x0000000772d00000,0x0000000773200000)
 ParOldGen       total 143360K, used 59589K [0x00000006c0000000, 0x00000006c8c00000, 0x000000076ab00000)
  object space 143360K, 41% used [0x00000006c0000000,0x00000006c3a31660,0x00000006c8c00000)
 Metaspace       used 6186K, capacity 7094K, committed 7296K, reserved 1056768K
  class space    used 611K, capacity 622K, committed 640K, reserved 1048576K
Event: 11.729 GC heap after
Heap after GC invocations=6 (full 1):
 PSYoungGen      total 138240K, used 5120K [0x000000076ab00000, 0x000000077e300000, 0x00000007c0000000)
  eden space 133120K, 0% used [0x000000076ab00000,0x000000076ab00000,0x0000000772d00000)
  from space 5120K, 100% used [0x0000000772d00000,0x0000000773200000,0x0000000773200000)
  to   space 55808K, 0% used [0x000000077ac80000,0x000000077ac80000,0x000000077e300000)
 ParOldGen       total 143360K, used 102112K [0x00000006c0000000, 0x00000006c8c00000, 0x000000076ab00000)
  object space 143360K, 71% used [0x00000006c0000000,0x00000006c63b8360,0x00000006c8c00000)
 Metaspace       used 6186K, capacity 7094K, committed 7296K, reserved 1056768K
  class space    used 611K, capacity 622K, committed 640K, reserved 1048576K
}
Event: 11.729 GC heap before
{Heap before GC invocations=7 (full 2):
 PSYoungGen      total 138240K, used 5120K [0x000000076ab00000, 0x000000077e300000, 0x00000007c0000000)
  eden space 133120K, 0% used [0x000000076ab00000,0x000000076ab00000,0x0000000772d00000)
  from space 5120K, 100% used [0x0000000772d00000,0x0000000773200000,0x0000000773200000)
  to   space 55808K, 0% used [0x000000077ac80000,0x000000077ac80000,0x000000077e300000)
 ParOldGen       total 143360K, used 102112K [0x00000006c0000000, 0x00000006c8c00000, 0x000000076ab00000)
  object space 143360K, 71% used [0x00000006c0000000,0x00000006c63b8360,0x00000006c8c00000)
 Metaspace       used 6186K, capacity 7094K, committed 7296K, reserved 1056768K
  class space    used 611K, capacity 622K, committed 640K, reserved 1048576K
Event: 12.314 GC heap after
Heap after GC invocations=7 (full 2):
 PSYoungGen      total 138240K, used 0K [0x000000076ab00000, 0x000000077e300000, 0x00000007c0000000)
  eden space 133120K, 0% used [0x000000076ab00000,0x000000076ab00000,0x0000000772d00000)
  from space 5120K, 0% used [0x0000000772d00000,0x0000000772d00000,0x0000000773200000)
  to   space 55808K, 0% used [0x000000077ac80000,0x000000077ac80000,0x000000077e300000)
 ParOldGen       total 201216K, used 72447K [0x00000006c0000000, 0x00000006cc480000, 0x000000076ab00000)
  object space 201216K, 36% used [0x00000006c0000000,0x00000006c46bfe88,0x00000006cc480000)
 Metaspace       used 6186K, capacity 7094K, committed 7296K, reserved 1056768K
  class space    used 611K, capacity 622K, committed 640K, reserved 1048576K
}
Event: 12.973 GC heap before
{Heap before GC invocations=8 (full 2):
 PSYoungGen      total 138240K, used 133120K [0x000000076ab00000, 0x000000077e300000, 0x00000007c0000000)
  eden space 133120K, 100% used [0x000000076ab00000,0x0000000772d00000,0x0000000772d00000)
  from space 5120K, 0% used [0x0000000772d00000,0x0000000772d00000,0x0000000773200000)
  to   space 55808K, 0% used [0x000000077ac80000,0x000000077ac80000,0x000000077e300000)
 ParOldGen       total 201216K, used 72447K [0x00000006c0000000, 0x00000006cc480000, 0x000000076ab00000)
  object space 201216K, 36% used [0x00000006c0000000,0x00000006c46bfe88,0x00000006cc480000)
 Metaspace       used 6231K, capacity 7094K, committed 7296K, reserved 1056768K
  class space    used 611K, capacity 622K, committed 640K, reserved 1048576K
Event: 13.001 GC heap after
Heap after GC invocations=8 (full 2):
 PSYoungGen      total 219648K, used 46222K [0x000000076ab00000, 0x000000077da00000, 0x00000007c0000000)
  eden space 173056K, 0% used [0x000000076ab00000,0x000000076ab00000,0x0000000775400000)
  from space 46592K, 99% used [0x000000077ac80000,0x000000077d9a3ba8,0x000000077da00000)
  to   space 61952K, 0% used [0x0000000776100000,0x0000000776100000,0x0000000779d80000)
 ParOldGen       total 201216K, used 72455K [0x00000006c0000000, 0x00000006cc480000, 0x000000076ab00000)
  object space 201216K, 36% used [0x00000006c0000000,0x00000006c46c1e88,0x00000006cc480000)
 Metaspace       used 6231K, capacity 7094K, committed 7296K, reserved 1056768K
  class space    used 611K, capacity 622K, committed 640K, reserved 1048576K
}
Event: 13.637 GC heap before
{Heap before GC invocations=9 (full 2):
 PSYoungGen      total 219648K, used 219278K [0x000000076ab00000, 0x000000077da00000, 0x00000007c0000000)
  eden space 173056K, 100% used [0x000000076ab00000,0x0000000775400000,0x0000000775400000)
  from space 46592K, 99% used [0x000000077ac80000,0x000000077d9a3ba8,0x000000077da00000)
  to   space 61952K, 0% used [0x0000000776100000,0x0000000776100000,0x0000000779d80000)
 ParOldGen       total 201216K, used 72455K [0x00000006c0000000, 0x00000006cc480000, 0x000000076ab00000)
  object space 201216K, 36% used [0x00000006c0000000,0x00000006c46c1e88,0x00000006cc480000)
 Metaspace       used 6283K, capacity 7158K, committed 7296K, reserved 1056768K
  class space    used 611K, capacity 622K, committed 640K, reserved 1048576K
Event: 13.759 GC heap after
Heap after GC invocations=9 (full 2):
 PSYoungGen      total 248320K, used 54867K [0x000000076ab00000, 0x0000000781480000, 0x00000007c0000000)
  eden space 186368K, 0% used [0x000000076ab00000,0x000000076ab00000,0x0000000776100000)
  from space 61952K, 88% used [0x0000000776100000,0x0000000779694e10,0x0000000779d80000)
  to   space 70144K, 0% used [0x000000077d000000,0x000000077d000000,0x0000000781480000)
 ParOldGen       total 201216K, used 72463K [0x00000006c0000000, 0x00000006cc480000, 0x000000076ab00000)
  object space 201216K, 36% used [0x00000006c0000000,0x00000006c46c3e88,0x00000006cc480000)
 Metaspace       used 6283K, capacity 7158K, committed 7296K, reserved 1056768K
  class space    used 611K, capacity 622K, committed 640K, reserved 1048576K
}
Event: 14.504 GC heap before
{Heap before GC invocations=10 (full 2):
 PSYoungGen      total 248320K, used 241235K [0x000000076ab00000, 0x0000000781480000, 0x00000007c0000000)
  eden space 186368K, 100% used [0x000000076ab00000,0x0000000776100000,0x0000000776100000)
  from space 61952K, 88% used [0x0000000776100000,0x0000000779694e10,0x0000000779d80000)
  to   space 70144K, 0% used [0x000000077d000000,0x000000077d000000,0x0000000781480000)
 ParOldGen       total 201216K, used 72463K [0x00000006c0000000, 0x00000006cc480000, 0x000000076ab00000)
  object space 201216K, 36% used [0x00000006c0000000,0x00000006c46c3e88,0x00000006cc480000)
 Metaspace       used 6341K, capacity 7158K, committed 7296K, reserved 1056768K
  class space    used 611K, capacity 622K, committed 640K, reserved 1048576K
Event: 14.752 GC heap after
Heap after GC invocations=10 (full 2):
 PSYoungGen      total 283136K, used 70131K [0x000000076ab00000, 0x0000000785180000, 0x00000007c0000000)
  eden space 212992K, 0% used [0x000000076ab00000,0x000000076ab00000,0x0000000777b00000)
  from space 70144K, 99% used [0x000000077d000000,0x000000078147cdd8,0x0000000781480000)
  to   space 87040K, 0% used [0x0000000777b00000,0x0000000777b00000,0x000000077d000000)
 ParOldGen       total 201216K, used 84423K [0x00000006c0000000, 0x00000006cc480000, 0x000000076ab00000)
  object space 201216K, 41% used [0x00000006c0000000,0x00000006c5271c08,0x00000006cc480000)
 Metaspace       used 6341K, capacity 7158K, committed 7296K, reserved 1056768K
  class space    used 611K, capacity 622K, committed 640K, reserved 1048576K
}

Deoptimization events (10 events):
Event: 14.938 Thread 0x000000001dba0000 Uncommon trap: reason=unstable_if action=reinterpret pc=0x000000000357b438 method=java.util.HashMap.putVal(ILjava/lang/Object;Ljava/lang/Object;ZZ)Ljava/lang/Object; @ 109
Event: 14.950 Thread 0x000000001dbae800 Uncommon trap: reason=class_check action=maybe_recompile pc=0x00000000038fbb9c method=com.android.dx.ssa.SCCP.replaceConstants()V @ 182
Event: 14.951 Thread 0x000000001dbae800 Uncommon trap: reason=class_check action=maybe_recompile pc=0x00000000038fbb9c method=com.android.dx.ssa.SCCP.replaceConstants()V @ 182
Event: 14.955 Thread 0x000000001dbae800 Uncommon trap: reason=bimorphic action=maybe_recompile pc=0x000000000381cc84 method=com.android.dx.cf.code.BytecodeArray.parseInstruction(ILcom/android/dx/cf/code/BytecodeArray$Visitor;)I @ 1224
Event: 14.955 Thread 0x000000001dbae800 Uncommon trap: reason=bimorphic action=maybe_recompile pc=0x000000000381cc84 method=com.android.dx.cf.code.BytecodeArray.parseInstruction(ILcom/android/dx/cf/code/BytecodeArray$Visitor;)I @ 1224
Event: 14.955 Thread 0x000000001dbae800 Uncommon trap: reason=bimorphic action=maybe_recompile pc=0x000000000381cc84 method=com.android.dx.cf.code.BytecodeArray.parseInstruction(ILcom/android/dx/cf/code/BytecodeArray$Visitor;)I @ 1224
Event: 14.955 Thread 0x000000001dbae800 Uncommon trap: reason=bimorphic action=maybe_recompile pc=0x000000000381c69c method=com.android.dx.cf.code.BytecodeArray.parseInstruction(ILcom/android/dx/cf/code/BytecodeArray$Visitor;)I @ 955
Event: 14.955 Thread 0x000000001dbae800 Uncommon trap: reason=bimorphic action=maybe_recompile pc=0x000000000381cc84 method=com.android.dx.cf.code.BytecodeArray.parseInstruction(ILcom/android/dx/cf/code/BytecodeArray$Visitor;)I @ 1224
Event: 14.966 Thread 0x000000001dba0000 Uncommon trap: reason=unstable_if action=reinterpret pc=0x00000000034b39f4 method=com.android.dx.rop.code.RegisterSpecSet.localItemToSpec(Lcom/android/dx/rop/code/LocalItem;)Lcom/android/dx/rop/code/RegisterSpec; @ 35
Event: 14.969 Thread 0x000000001dba0000 Uncommon trap: reason=unstable_if action=reinterpret pc=0x0000000003577c24 method=java.util.HashMap.putVal(ILjava/lang/Object;Ljava/lang/Object;ZZ)Ljava/lang/Object; @ 162

Internal exceptions (7 events):
Event: 1.253 Thread 0x0000000002e30800 Exception <a 'java/lang/NoSuchMethodError': Method sun.misc.Unsafe.defineClass(Ljava/lang/String;[BII)Ljava/lang/Class; name or signature does not match> (0x000000076ab07ca8) thrown at [C:\re\workspace\8-2-build-windows-amd64-cygwin\jdk8u131\8869\hotspot\
Event: 1.253 Thread 0x0000000002e30800 Exception <a 'java/lang/NoSuchMethodError': Method sun.misc.Unsafe.prefetchRead(Ljava/lang/Object;J)V name or signature does not match> (0x000000076ab07f90) thrown at [C:\re\workspace\8-2-build-windows-amd64-cygwin\jdk8u131\8869\hotspot\src\share\vm\prims
Event: 7.961 Thread 0x0000000002e30800 Implicit null exception at 0x00000000032f17e2 to 0x00000000032f18e2
Event: 14.113 Thread 0x000000001dbb7000 Implicit null exception at 0x0000000003489478 to 0x000000000348b1bd
Event: 14.901 Thread 0x0000000002e30800 Exception <a 'java/lang/ArrayIndexOutOfBoundsException': 18> (0x000000076e506020) thrown at [C:\re\workspace\8-2-build-windows-amd64-cygwin\jdk8u131\8869\hotspot\src\share\vm\interpreter\interpreterRuntime.cpp, line 366]
Event: 14.902 Thread 0x0000000002e30800 Exception <a 'java/lang/ArrayIndexOutOfBoundsException'> (0x000000076e507d88) thrown at [C:\re\workspace\8-2-build-windows-amd64-cygwin\jdk8u131\8869\hotspot\src\share\vm\runtime\sharedRuntime.cpp, line 605]
Event: 14.902 Thread 0x0000000002e30800 Exception <a 'java/lang/ArrayIndexOutOfBoundsException'> (0x000000076e509258) thrown at [C:\re\workspace\8-2-build-windows-amd64-cygwin\jdk8u131\8869\hotspot\src\share\vm\runtime\sharedRuntime.cpp, line 605]

Events (10 events):
Event: 14.966 Thread 0x000000001dba0000 DEOPT UNPACKING pc=0x0000000002f7582a sp=0x000000001e64e638 mode 2
Event: 14.969 Thread 0x000000001dba0000 Uncommon trap: trap_request=0xffffff65 fr.pc=0x0000000003577c24
Event: 14.969 Thread 0x000000001dba0000 DEOPT PACKING pc=0x0000000003577c24 sp=0x000000001e64e190
Event: 14.969 Thread 0x000000001dba0000 DEOPT UNPACKING pc=0x0000000002f7582a sp=0x000000001e64e108 mode 2
Event: 14.982 loading class java/util/HashMap$KeySet
Event: 14.983 loading class java/util/HashMap$KeySet done
Event: 14.983 loading class java/util/HashMap$KeyIterator
Event: 14.983 loading class java/util/HashMap$KeyIterator done
Event: 14.983 Thread 0x000000001dba0000 Thread exited: 0x000000001dba0000
Event: 14.984 Thread 0x000000001dbae800 Thread exited: 0x000000001dbae800


Dynamic libraries:
0x00007ff696880000 - 0x00007ff6968b7000 	D:\Java\jdk1.8.0_131\bin\java.exe
0x00007ff892650000 - 0x00007ff89282b000 	C:\WINDOWS\SYSTEM32\ntdll.dll
0x00007ff8925a0000 - 0x00007ff89264e000 	C:\WINDOWS\System32\KERNEL32.DLL
0x00007ff88f480000 - 0x00007ff88f6c9000 	C:\WINDOWS\System32\KERNELBASE.dll
0x00007ff890460000 - 0x00007ff890501000 	C:\WINDOWS\System32\ADVAPI32.dll
0x00007ff890bc0000 - 0x00007ff890c5d000 	C:\WINDOWS\System32\msvcrt.dll
0x00007ff88fc40000 - 0x00007ff88fc99000 	C:\WINDOWS\System32\sechost.dll
0x00007ff890c90000 - 0x00007ff890db5000 	C:\WINDOWS\System32\RPCRT4.dll
0x00007ff890310000 - 0x00007ff89045a000 	C:\WINDOWS\System32\USER32.dll
0x00007ff88eb70000 - 0x00007ff88eb8e000 	C:\WINDOWS\System32\win32u.dll
0x00007ff890770000 - 0x00007ff890797000 	C:\WINDOWS\System32\GDI32.dll
0x00007ff88f970000 - 0x00007ff88faf9000 	C:\WINDOWS\System32\gdi32full.dll
0x00007ff88eb90000 - 0x00007ff88ec2a000 	C:\WINDOWS\System32\msvcp_win.dll
0x00007ff88ec30000 - 0x00007ff88ed26000 	C:\WINDOWS\System32\ucrtbase.dll
0x00007ff87dee0000 - 0x00007ff87e147000 	C:\WINDOWS\WinSxS\amd64_microsoft.windows.common-controls_6595b64144ccf1df_6.0.15063.0_none_108e4f62dfe5d999\COMCTL32.dll
0x00007ff890860000 - 0x00007ff890b59000 	C:\WINDOWS\System32\combase.dll
0x00007ff88f8a0000 - 0x00007ff88f90a000 	C:\WINDOWS\System32\bcryptPrimitives.dll
0x00007ff88fbb0000 - 0x00007ff88fbdd000 	C:\WINDOWS\System32\IMM32.DLL
0x0000000061580000 - 0x0000000061652000 	D:\Java\jdk1.8.0_131\jre\bin\msvcr100.dll
0x0000000060ce0000 - 0x000000006157c000 	D:\Java\jdk1.8.0_131\jre\bin\server\jvm.dll
0x00007ff88fdf0000 - 0x00007ff88fdf8000 	C:\WINDOWS\System32\PSAPI.DLL
0x00007ff871d60000 - 0x00007ff871d69000 	C:\WINDOWS\SYSTEM32\WSOCK32.dll
0x00007ff8902a0000 - 0x00007ff89030c000 	C:\WINDOWS\System32\WS2_32.dll
0x00007ff88ca60000 - 0x00007ff88ca83000 	C:\WINDOWS\SYSTEM32\WINMM.dll
0x00007ff88b190000 - 0x00007ff88b19a000 	C:\WINDOWS\SYSTEM32\VERSION.dll
0x00007ff88c9e0000 - 0x00007ff88ca0b000 	C:\WINDOWS\SYSTEM32\WINMMBASE.dll
0x00007ff88f430000 - 0x00007ff88f479000 	C:\WINDOWS\System32\cfgmgr32.dll
0x0000000060cd0000 - 0x0000000060cdf000 	D:\Java\jdk1.8.0_131\jre\bin\verify.dll
0x0000000060ca0000 - 0x0000000060cc9000 	D:\Java\jdk1.8.0_131\jre\bin\java.dll
0x0000000060c80000 - 0x0000000060c96000 	D:\Java\jdk1.8.0_131\jre\bin\zip.dll
0x00007ff891160000 - 0x00007ff892597000 	C:\WINDOWS\System32\SHELL32.dll
0x00007ff8907b0000 - 0x00007ff89085a000 	C:\WINDOWS\System32\shcore.dll
0x00007ff88ed30000 - 0x00007ff88f422000 	C:\WINDOWS\System32\windows.storage.dll
0x00007ff88fe00000 - 0x00007ff88fe51000 	C:\WINDOWS\System32\shlwapi.dll
0x00007ff88eb50000 - 0x00007ff88eb61000 	C:\WINDOWS\System32\kernel.appcore.dll
0x00007ff88eac0000 - 0x00007ff88eb0c000 	C:\WINDOWS\System32\powrprof.dll
0x00007ff88eb30000 - 0x00007ff88eb45000 	C:\WINDOWS\System32\profapi.dll

VM Arguments:
jvm_args: -Djava.awt.headless=true -Xmx4g -Dfile.encoding=UTF-8 -Duser.country=CN -Duser.language=zh -Duser.variant 
java_command: com.android.dx.command.Main --dex --verbose --force-jumbo --num-threads=4 --multi-dex --output D:\Project3\android2\HnDValley\valley\build\intermediates\transforms\dex\_dev\debug\folders\1000\5\slice_4 D:\Project3\android2\HnDValley\valley\build\intermediates\transforms\instantRunSlicer\_dev\debug\folders\1\5\slice_4
java_class_path (initial): D:\AndroidSDK2\build-tools\25.0.3\lib\dx.jar
Launcher Type: SUN_STANDARD

Environment Variables:
JAVA_HOME=D:\Java\jdk1.8.0_112
PATH=C:\ProgramData\Oracle\Java\javapath;C:\WINDOWS\system32;C:\WINDOWS;C:\WINDOWS\System32\Wbem;C:\WINDOWS\System32\WindowsPowerShell\v1.0\;D:\TortoiseSVN\bin;D:\Java\jdk1.8.0_112\bin;D:\AndroidSDK2\platform-tools;C:\Program Files\Microsoft SQL Server\130\Tools\Binn\;D:\Git\cmd;D:\UltraCompare;D:\cmder;C:\Users\angcyo\AppData\Local\Microsoft\WindowsApps;;D:/babun\.babun;D:\babun\.babun;d:\babun2_\.babun;C:\Users\angcyo\.babun
USERNAME=angcyo
OS=Windows_NT
PROCESSOR_IDENTIFIER=Intel64 Family 6 Model 94 Stepping 3, GenuineIntel



---------------  S Y S T E M  ---------------

OS: Windows 10.0 , 64 bit Build 15063 (10.0.15063.296)

CPU:total 4 (initial active 4) (4 cores per cpu, 1 threads per core) family 6 model 94 stepping 3, cmov, cx8, fxsr, mmx, sse, sse2, sse3, ssse3, sse4.1, sse4.2, popcnt, avx, avx2, aes, clmul, erms, rtm, 3dnowpref, lzcnt, tsc, tscinvbit, bmi1, bmi2, adx

Memory: 4k page, physical 8266508k(340196k free), swap 21321884k(5132k free)

vm_info: Java HotSpot(TM) 64-Bit Server VM (25.131-b11) for windows-amd64 JRE (1.8.0_131-b11), built on Mar 15 2017 01:23:53 by "java_re" with MS VC++ 10.0 (VS2010)

time: Mon Jun 19 15:09:31 2017
elapsed time: 14 seconds (0d 0h 0m 14s)

